\BOOKMARK [0][-]{chapter*.1}{\376\377\000P\000r\000e\000f\000a\000c\000e}{}% 1
\BOOKMARK [0][-]{chapter.1}{\376\377\000I\000n\000t\000r\000o\000d\000u\000c\000t\000i\000o\000n}{}% 2
\BOOKMARK [1][-]{section.1.1}{\376\377\000R\000I\000S\000C\000-\000V\000\040\000H\000a\000r\000d\000w\000a\000r\000e\000\040\000P\000l\000a\000t\000f\000o\000r\000m\000\040\000T\000e\000r\000m\000i\000n\000o\000l\000o\000g\000y}{chapter.1}% 3
\BOOKMARK [1][-]{section.1.2}{\376\377\000R\000I\000S\000C\000-\000V\000\040\000S\000o\000f\000t\000w\000a\000r\000e\000\040\000E\000x\000e\000c\000u\000t\000i\000o\000n\000\040\000E\000n\000v\000i\000r\000o\000n\000m\000e\000n\000t\000s\000\040\000a\000n\000d\000\040\000H\000a\000r\000t\000s}{chapter.1}% 4
\BOOKMARK [1][-]{section.1.3}{\376\377\000R\000I\000S\000C\000-\000V\000\040\000I\000S\000A\000\040\000O\000v\000e\000r\000v\000i\000e\000w}{chapter.1}% 5
\BOOKMARK [1][-]{section.1.4}{\376\377\000M\000e\000m\000o\000r\000y}{chapter.1}% 6
\BOOKMARK [1][-]{section.1.5}{\376\377\000B\000a\000s\000e\000\040\000I\000n\000s\000t\000r\000u\000c\000t\000i\000o\000n\000-\000L\000e\000n\000g\000t\000h\000\040\000E\000n\000c\000o\000d\000i\000n\000g}{chapter.1}% 7
\BOOKMARK [1][-]{section.1.6}{\376\377\000E\000x\000c\000e\000p\000t\000i\000o\000n\000s\000,\000\040\000T\000r\000a\000p\000s\000,\000\040\000a\000n\000d\000\040\000I\000n\000t\000e\000r\000r\000u\000p\000t\000s}{chapter.1}% 8
\BOOKMARK [1][-]{section.1.7}{\376\377\000U\000N\000S\000P\000E\000C\000I\000F\000I\000E\000D\000\040\000B\000e\000h\000a\000v\000i\000o\000r\000s\000\040\000a\000n\000d\000\040\000V\000a\000l\000u\000e\000s}{chapter.1}% 9
\BOOKMARK [0][-]{chapter.2}{\376\377\000R\000V\0003\0002\000I\000\040\000B\000a\000s\000e\000\040\000I\000n\000t\000e\000g\000e\000r\000\040\000I\000n\000s\000t\000r\000u\000c\000t\000i\000o\000n\000\040\000S\000e\000t\000,\000\040\000V\000e\000r\000s\000i\000o\000n\000\040\0002\000.\0001}{}% 10
\BOOKMARK [1][-]{section.2.1}{\376\377\000P\000r\000o\000g\000r\000a\000m\000m\000e\000r\000s\000'\000\040\000M\000o\000d\000e\000l\000\040\000f\000o\000r\000\040\000B\000a\000s\000e\000\040\000I\000n\000t\000e\000g\000e\000r\000\040\000I\000S\000A}{chapter.2}% 11
\BOOKMARK [1][-]{section.2.2}{\376\377\000B\000a\000s\000e\000\040\000I\000n\000s\000t\000r\000u\000c\000t\000i\000o\000n\000\040\000F\000o\000r\000m\000a\000t\000s}{chapter.2}% 12
\BOOKMARK [1][-]{section.2.3}{\376\377\000I\000m\000m\000e\000d\000i\000a\000t\000e\000\040\000E\000n\000c\000o\000d\000i\000n\000g\000\040\000V\000a\000r\000i\000a\000n\000t\000s}{chapter.2}% 13
\BOOKMARK [1][-]{section.2.4}{\376\377\000I\000n\000t\000e\000g\000e\000r\000\040\000C\000o\000m\000p\000u\000t\000a\000t\000i\000o\000n\000a\000l\000\040\000I\000n\000s\000t\000r\000u\000c\000t\000i\000o\000n\000s}{chapter.2}% 14
\BOOKMARK [1][-]{section.2.5}{\376\377\000C\000o\000n\000t\000r\000o\000l\000\040\000T\000r\000a\000n\000s\000f\000e\000r\000\040\000I\000n\000s\000t\000r\000u\000c\000t\000i\000o\000n\000s}{chapter.2}% 15
\BOOKMARK [1][-]{section.2.6}{\376\377\000L\000o\000a\000d\000\040\000a\000n\000d\000\040\000S\000t\000o\000r\000e\000\040\000I\000n\000s\000t\000r\000u\000c\000t\000i\000o\000n\000s}{chapter.2}% 16
\BOOKMARK [1][-]{section.2.7}{\376\377\000M\000e\000m\000o\000r\000y\000\040\000O\000r\000d\000e\000r\000i\000n\000g\000\040\000I\000n\000s\000t\000r\000u\000c\000t\000i\000o\000n\000s}{chapter.2}% 17
\BOOKMARK [1][-]{section.2.8}{\376\377\000E\000n\000v\000i\000r\000o\000n\000m\000e\000n\000t\000\040\000C\000a\000l\000l\000\040\000a\000n\000d\000\040\000B\000r\000e\000a\000k\000p\000o\000i\000n\000t\000s}{chapter.2}% 18
\BOOKMARK [1][-]{section.2.9}{\376\377\000H\000I\000N\000T\000\040\000I\000n\000s\000t\000r\000u\000c\000t\000i\000o\000n\000s}{chapter.2}% 19
\BOOKMARK [1][-]{section.2.10}{\376\377\000R\000V\0003\0002\000I\000\040\000D\000a\000t\000a\000p\000a\000t\000h\000\040\000a\000n\000d\000\040\000D\000a\000t\000a\000\040\000M\000e\000m\000o\000r\000y\000\040\000I\000n\000t\000e\000r\000f\000a\000c\000e}{chapter.2}% 20
\BOOKMARK [2][-]{subsection.2.10.1}{\376\377\000R\000V\0003\0002\000I\000\040\000R\000e\000g\000i\000s\000t\000e\000r\000f\000i\000l\000e}{section.2.10}% 21
\BOOKMARK [2][-]{subsection.2.10.2}{\376\377\000R\000V\0003\0002\000I\000\040\000P\000C}{section.2.10}% 22
\BOOKMARK [2][-]{subsection.2.10.3}{\376\377\000R\000V\0003\0002\000I\000\040\000D\000a\000t\000a\000p\000a\000t\000h}{section.2.10}% 23
\BOOKMARK [2][-]{subsection.2.10.4}{\376\377\000R\000V\0003\0002\000I\000\040\000D\000a\000t\000a\000\040\000M\000e\000m\000o\000r\000y\000\040\000I\000n\000t\000e\000r\000f\000a\000c\000e}{section.2.10}% 24
\BOOKMARK [0][-]{chapter.3}{\376\377\000`\000`\000Z\000i\000f\000e\000n\000c\000e\000i\000'\000'\000\040\000I\000n\000s\000t\000r\000u\000c\000t\000i\000o\000n\000-\000F\000e\000t\000c\000h\000\040\000F\000e\000n\000c\000e\000,\000\040\000V\000e\000r\000s\000i\000o\000n\000\040\0002\000.\0000}{}% 25
\BOOKMARK [0][-]{chapter.4}{\376\377\000R\000V\0003\0002\000E\000\040\000B\000a\000s\000e\000\040\000I\000n\000t\000e\000g\000e\000r\000\040\000I\000n\000s\000t\000r\000u\000c\000t\000i\000o\000n\000\040\000S\000e\000t\000,\000\040\000V\000e\000r\000s\000i\000o\000n\000\040\0001\000.\0009}{}% 26
\BOOKMARK [1][-]{section.4.1}{\376\377\000R\000V\0003\0002\000E\000\040\000P\000r\000o\000g\000r\000a\000m\000m\000e\000r\000s\000'\000\040\000M\000o\000d\000e\000l}{chapter.4}% 27
\BOOKMARK [1][-]{section.4.2}{\376\377\000R\000V\0003\0002\000E\000\040\000I\000n\000s\000t\000r\000u\000c\000t\000i\000o\000n\000\040\000S\000e\000t}{chapter.4}% 28
\BOOKMARK [0][-]{chapter.5}{\376\377\000R\000V\0006\0004\000I\000\040\000B\000a\000s\000e\000\040\000I\000n\000t\000e\000g\000e\000r\000\040\000I\000n\000s\000t\000r\000u\000c\000t\000i\000o\000n\000\040\000S\000e\000t\000,\000\040\000V\000e\000r\000s\000i\000o\000n\000\040\0002\000.\0001}{}% 29
\BOOKMARK [1][-]{section.5.1}{\376\377\000R\000e\000g\000i\000s\000t\000e\000r\000\040\000S\000t\000a\000t\000e}{chapter.5}% 30
\BOOKMARK [1][-]{section.5.2}{\376\377\000I\000n\000t\000e\000g\000e\000r\000\040\000C\000o\000m\000p\000u\000t\000a\000t\000i\000o\000n\000a\000l\000\040\000I\000n\000s\000t\000r\000u\000c\000t\000i\000o\000n\000s}{chapter.5}% 31
\BOOKMARK [1][-]{section.5.3}{\376\377\000L\000o\000a\000d\000\040\000a\000n\000d\000\040\000S\000t\000o\000r\000e\000\040\000I\000n\000s\000t\000r\000u\000c\000t\000i\000o\000n\000s}{chapter.5}% 32
\BOOKMARK [1][-]{section.5.4}{\376\377\000H\000I\000N\000T\000\040\000I\000n\000s\000t\000r\000u\000c\000t\000i\000o\000n\000s}{chapter.5}% 33
\BOOKMARK [0][-]{chapter.6}{\376\377\000R\000V\0001\0002\0008\000I\000\040\000B\000a\000s\000e\000\040\000I\000n\000t\000e\000g\000e\000r\000\040\000I\000n\000s\000t\000r\000u\000c\000t\000i\000o\000n\000\040\000S\000e\000t\000,\000\040\000V\000e\000r\000s\000i\000o\000n\000\040\0001\000.\0007}{}% 34
\BOOKMARK [0][-]{chapter.7}{\376\377\000`\000`\000M\000'\000'\000\040\000S\000t\000a\000n\000d\000a\000r\000d\000\040\000E\000x\000t\000e\000n\000s\000i\000o\000n\000\040\000f\000o\000r\000\040\000I\000n\000t\000e\000g\000e\000r\000\040\000M\000u\000l\000t\000i\000p\000l\000i\000c\000a\000t\000i\000o\000n\000\040\000a\000n\000d\000\040\000D\000i\000v\000i\000s\000i\000o\000n\000,\000\040\000V\000e\000r\000s\000i\000o\000n\000\040\0002\000.\0000}{}% 35
\BOOKMARK [1][-]{section.7.1}{\376\377\000M\000u\000l\000t\000i\000p\000l\000i\000c\000a\000t\000i\000o\000n\000\040\000O\000p\000e\000r\000a\000t\000i\000o\000n\000s}{chapter.7}% 36
\BOOKMARK [1][-]{section.7.2}{\376\377\000D\000i\000v\000i\000s\000i\000o\000n\000\040\000O\000p\000e\000r\000a\000t\000i\000o\000n\000s}{chapter.7}% 37
\BOOKMARK [0][-]{chapter.8}{\376\377\000`\000`\000A\000'\000'\000\040\000S\000t\000a\000n\000d\000a\000r\000d\000\040\000E\000x\000t\000e\000n\000s\000i\000o\000n\000\040\000f\000o\000r\000\040\000A\000t\000o\000m\000i\000c\000\040\000I\000n\000s\000t\000r\000u\000c\000t\000i\000o\000n\000s\000,\000\040\000V\000e\000r\000s\000i\000o\000n\000\040\0002\000.\0001}{}% 38
\BOOKMARK [1][-]{section.8.1}{\376\377\000S\000p\000e\000c\000i\000f\000y\000i\000n\000g\000\040\000O\000r\000d\000e\000r\000i\000n\000g\000\040\000o\000f\000\040\000A\000t\000o\000m\000i\000c\000\040\000I\000n\000s\000t\000r\000u\000c\000t\000i\000o\000n\000s}{chapter.8}% 39
\BOOKMARK [1][-]{section.8.2}{\376\377\000L\000o\000a\000d\000-\000R\000e\000s\000e\000r\000v\000e\000d\000/\000S\000t\000o\000r\000e\000-\000C\000o\000n\000d\000i\000t\000i\000o\000n\000a\000l\000\040\000I\000n\000s\000t\000r\000u\000c\000t\000i\000o\000n\000s}{chapter.8}% 40
\BOOKMARK [1][-]{section.8.3}{\376\377\000E\000v\000e\000n\000t\000u\000a\000l\000\040\000S\000u\000c\000c\000e\000s\000s\000\040\000o\000f\000\040\000S\000t\000o\000r\000e\000-\000C\000o\000n\000d\000i\000t\000i\000o\000n\000a\000l\000\040\000I\000n\000s\000t\000r\000u\000c\000t\000i\000o\000n\000s}{chapter.8}% 41
\BOOKMARK [1][-]{section.8.4}{\376\377\000A\000t\000o\000m\000i\000c\000\040\000M\000e\000m\000o\000r\000y\000\040\000O\000p\000e\000r\000a\000t\000i\000o\000n\000s}{chapter.8}% 42
\BOOKMARK [0][-]{chapter.9}{\376\377\000`\000`\000Z\000i\000c\000s\000r\000'\000'\000,\000\040\000C\000o\000n\000t\000r\000o\000l\000\040\000a\000n\000d\000\040\000S\000t\000a\000t\000u\000s\000\040\000R\000e\000g\000i\000s\000t\000e\000r\000\040\000\050\000C\000S\000R\000\051\000\040\000I\000n\000s\000t\000r\000u\000c\000t\000i\000o\000n\000s\000,\000\040\000V\000e\000r\000s\000i\000o\000n\000\040\0002\000.\0000}{}% 43
\BOOKMARK [1][-]{section.9.1}{\376\377\000C\000S\000R\000\040\000I\000n\000s\000t\000r\000u\000c\000t\000i\000o\000n\000s}{chapter.9}% 44
\BOOKMARK [0][-]{chapter.10}{\376\377\000C\000o\000u\000n\000t\000e\000r\000s}{}% 45
\BOOKMARK [1][-]{section.10.1}{\376\377\000B\000a\000s\000e\000\040\000C\000o\000u\000n\000t\000e\000r\000s\000\040\000a\000n\000d\000\040\000T\000i\000m\000e\000r\000s}{chapter.10}% 46
\BOOKMARK [1][-]{section.10.2}{\376\377\000H\000a\000r\000d\000w\000a\000r\000e\000\040\000P\000e\000r\000f\000o\000r\000m\000a\000n\000c\000e\000\040\000C\000o\000u\000n\000t\000e\000r\000s}{chapter.10}% 47
\BOOKMARK [0][-]{chapter.11}{\376\377\000`\000`\000F\000'\000'\000\040\000S\000t\000a\000n\000d\000a\000r\000d\000\040\000E\000x\000t\000e\000n\000s\000i\000o\000n\000\040\000f\000o\000r\000\040\000S\000i\000n\000g\000l\000e\000-\000P\000r\000e\000c\000i\000s\000i\000o\000n\000\040\000F\000l\000o\000a\000t\000i\000n\000g\000-\000P\000o\000i\000n\000t\000,\000\040\000V\000e\000r\000s\000i\000o\000n\000\040\0002\000.\0002}{}% 48
\BOOKMARK [1][-]{section.11.1}{\376\377\000F\000\040\000R\000e\000g\000i\000s\000t\000e\000r\000\040\000S\000t\000a\000t\000e}{chapter.11}% 49
\BOOKMARK [1][-]{section.11.2}{\376\377\000F\000l\000o\000a\000t\000i\000n\000g\000-\000P\000o\000i\000n\000t\000\040\000C\000o\000n\000t\000r\000o\000l\000\040\000a\000n\000d\000\040\000S\000t\000a\000t\000u\000s\000\040\000R\000e\000g\000i\000s\000t\000e\000r}{chapter.11}% 50
\BOOKMARK [1][-]{section.11.3}{\376\377\000N\000a\000N\000\040\000G\000e\000n\000e\000r\000a\000t\000i\000o\000n\000\040\000a\000n\000d\000\040\000P\000r\000o\000p\000a\000g\000a\000t\000i\000o\000n}{chapter.11}% 51
\BOOKMARK [1][-]{section.11.4}{\376\377\000S\000u\000b\000n\000o\000r\000m\000a\000l\000\040\000A\000r\000i\000t\000h\000m\000e\000t\000i\000c}{chapter.11}% 52
\BOOKMARK [1][-]{section.11.5}{\376\377\000S\000i\000n\000g\000l\000e\000-\000P\000r\000e\000c\000i\000s\000i\000o\000n\000\040\000L\000o\000a\000d\000\040\000a\000n\000d\000\040\000S\000t\000o\000r\000e\000\040\000I\000n\000s\000t\000r\000u\000c\000t\000i\000o\000n\000s}{chapter.11}% 53
\BOOKMARK [1][-]{section.11.6}{\376\377\000S\000i\000n\000g\000l\000e\000-\000P\000r\000e\000c\000i\000s\000i\000o\000n\000\040\000F\000l\000o\000a\000t\000i\000n\000g\000-\000P\000o\000i\000n\000t\000\040\000C\000o\000m\000p\000u\000t\000a\000t\000i\000o\000n\000a\000l\000\040\000I\000n\000s\000t\000r\000u\000c\000t\000i\000o\000n\000s}{chapter.11}% 54
\BOOKMARK [1][-]{section.11.7}{\376\377\000S\000i\000n\000g\000l\000e\000-\000P\000r\000e\000c\000i\000s\000i\000o\000n\000\040\000F\000l\000o\000a\000t\000i\000n\000g\000-\000P\000o\000i\000n\000t\000\040\000C\000o\000n\000v\000e\000r\000s\000i\000o\000n\000\040\000a\000n\000d\000\040\000M\000o\000v\000e\000\040\000I\000n\000s\000t\000r\000u\000c\000t\000i\000o\000n\000s}{chapter.11}% 55
\BOOKMARK [1][-]{section.11.8}{\376\377\000S\000i\000n\000g\000l\000e\000-\000P\000r\000e\000c\000i\000s\000i\000o\000n\000\040\000F\000l\000o\000a\000t\000i\000n\000g\000-\000P\000o\000i\000n\000t\000\040\000C\000o\000m\000p\000a\000r\000e\000\040\000I\000n\000s\000t\000r\000u\000c\000t\000i\000o\000n\000s}{chapter.11}% 56
\BOOKMARK [1][-]{section.11.9}{\376\377\000S\000i\000n\000g\000l\000e\000-\000P\000r\000e\000c\000i\000s\000i\000o\000n\000\040\000F\000l\000o\000a\000t\000i\000n\000g\000-\000P\000o\000i\000n\000t\000\040\000C\000l\000a\000s\000s\000i\000f\000y\000\040\000I\000n\000s\000t\000r\000u\000c\000t\000i\000o\000n}{chapter.11}% 57
\BOOKMARK [0][-]{chapter.12}{\376\377\000`\000`\000D\000'\000'\000\040\000S\000t\000a\000n\000d\000a\000r\000d\000\040\000E\000x\000t\000e\000n\000s\000i\000o\000n\000\040\000f\000o\000r\000\040\000D\000o\000u\000b\000l\000e\000-\000P\000r\000e\000c\000i\000s\000i\000o\000n\000\040\000F\000l\000o\000a\000t\000i\000n\000g\000-\000P\000o\000i\000n\000t\000,\000\040\000V\000e\000r\000s\000i\000o\000n\000\040\0002\000.\0002}{}% 58
\BOOKMARK [1][-]{section.12.1}{\376\377\000D\000\040\000R\000e\000g\000i\000s\000t\000e\000r\000\040\000S\000t\000a\000t\000e}{chapter.12}% 59
\BOOKMARK [1][-]{section.12.2}{\376\377\000N\000a\000N\000\040\000B\000o\000x\000i\000n\000g\000\040\000o\000f\000\040\000N\000a\000r\000r\000o\000w\000e\000r\000\040\000V\000a\000l\000u\000e\000s}{chapter.12}% 60
\BOOKMARK [1][-]{section.12.3}{\376\377\000D\000o\000u\000b\000l\000e\000-\000P\000r\000e\000c\000i\000s\000i\000o\000n\000\040\000L\000o\000a\000d\000\040\000a\000n\000d\000\040\000S\000t\000o\000r\000e\000\040\000I\000n\000s\000t\000r\000u\000c\000t\000i\000o\000n\000s}{chapter.12}% 61
\BOOKMARK [1][-]{section.12.4}{\376\377\000D\000o\000u\000b\000l\000e\000-\000P\000r\000e\000c\000i\000s\000i\000o\000n\000\040\000F\000l\000o\000a\000t\000i\000n\000g\000-\000P\000o\000i\000n\000t\000\040\000C\000o\000m\000p\000u\000t\000a\000t\000i\000o\000n\000a\000l\000\040\000I\000n\000s\000t\000r\000u\000c\000t\000i\000o\000n\000s}{chapter.12}% 62
\BOOKMARK [1][-]{section.12.5}{\376\377\000D\000o\000u\000b\000l\000e\000-\000P\000r\000e\000c\000i\000s\000i\000o\000n\000\040\000F\000l\000o\000a\000t\000i\000n\000g\000-\000P\000o\000i\000n\000t\000\040\000C\000o\000n\000v\000e\000r\000s\000i\000o\000n\000\040\000a\000n\000d\000\040\000M\000o\000v\000e\000\040\000I\000n\000s\000t\000r\000u\000c\000t\000i\000o\000n\000s}{chapter.12}% 63
\BOOKMARK [1][-]{section.12.6}{\376\377\000D\000o\000u\000b\000l\000e\000-\000P\000r\000e\000c\000i\000s\000i\000o\000n\000\040\000F\000l\000o\000a\000t\000i\000n\000g\000-\000P\000o\000i\000n\000t\000\040\000C\000o\000m\000p\000a\000r\000e\000\040\000I\000n\000s\000t\000r\000u\000c\000t\000i\000o\000n\000s}{chapter.12}% 64
\BOOKMARK [1][-]{section.12.7}{\376\377\000D\000o\000u\000b\000l\000e\000-\000P\000r\000e\000c\000i\000s\000i\000o\000n\000\040\000F\000l\000o\000a\000t\000i\000n\000g\000-\000P\000o\000i\000n\000t\000\040\000C\000l\000a\000s\000s\000i\000f\000y\000\040\000I\000n\000s\000t\000r\000u\000c\000t\000i\000o\000n}{chapter.12}% 65
\BOOKMARK [0][-]{chapter.13}{\376\377\000`\000`\000Q\000'\000'\000\040\000S\000t\000a\000n\000d\000a\000r\000d\000\040\000E\000x\000t\000e\000n\000s\000i\000o\000n\000\040\000f\000o\000r\000\040\000Q\000u\000a\000d\000-\000P\000r\000e\000c\000i\000s\000i\000o\000n\000\040\000F\000l\000o\000a\000t\000i\000n\000g\000-\000P\000o\000i\000n\000t\000,\000\040\000V\000e\000r\000s\000i\000o\000n\000\040\0002\000.\0002}{}% 66
\BOOKMARK [1][-]{section.13.1}{\376\377\000Q\000u\000a\000d\000-\000P\000r\000e\000c\000i\000s\000i\000o\000n\000\040\000L\000o\000a\000d\000\040\000a\000n\000d\000\040\000S\000t\000o\000r\000e\000\040\000I\000n\000s\000t\000r\000u\000c\000t\000i\000o\000n\000s}{chapter.13}% 67
\BOOKMARK [1][-]{section.13.2}{\376\377\000Q\000u\000a\000d\000-\000P\000r\000e\000c\000i\000s\000i\000o\000n\000\040\000C\000o\000m\000p\000u\000t\000a\000t\000i\000o\000n\000a\000l\000\040\000I\000n\000s\000t\000r\000u\000c\000t\000i\000o\000n\000s}{chapter.13}% 68
\BOOKMARK [1][-]{section.13.3}{\376\377\000Q\000u\000a\000d\000-\000P\000r\000e\000c\000i\000s\000i\000o\000n\000\040\000C\000o\000n\000v\000e\000r\000t\000\040\000a\000n\000d\000\040\000M\000o\000v\000e\000\040\000I\000n\000s\000t\000r\000u\000c\000t\000i\000o\000n\000s}{chapter.13}% 69
\BOOKMARK [1][-]{section.13.4}{\376\377\000Q\000u\000a\000d\000-\000P\000r\000e\000c\000i\000s\000i\000o\000n\000\040\000F\000l\000o\000a\000t\000i\000n\000g\000-\000P\000o\000i\000n\000t\000\040\000C\000o\000m\000p\000a\000r\000e\000\040\000I\000n\000s\000t\000r\000u\000c\000t\000i\000o\000n\000s}{chapter.13}% 70
\BOOKMARK [1][-]{section.13.5}{\376\377\000Q\000u\000a\000d\000-\000P\000r\000e\000c\000i\000s\000i\000o\000n\000\040\000F\000l\000o\000a\000t\000i\000n\000g\000-\000P\000o\000i\000n\000t\000\040\000C\000l\000a\000s\000s\000i\000f\000y\000\040\000I\000n\000s\000t\000r\000u\000c\000t\000i\000o\000n}{chapter.13}% 71
\BOOKMARK [0][-]{chapter.14}{\376\377\000R\000V\000W\000M\000O\000\040\000M\000e\000m\000o\000r\000y\000\040\000C\000o\000n\000s\000i\000s\000t\000e\000n\000c\000y\000\040\000M\000o\000d\000e\000l\000,\000\040\000V\000e\000r\000s\000i\000o\000n\000\040\0000\000.\0001}{}% 72
\BOOKMARK [1][-]{section.14.1}{\376\377\000D\000e\000f\000i\000n\000i\000t\000i\000o\000n\000\040\000o\000f\000\040\000t\000h\000e\000\040\000R\000V\000W\000M\000O\000\040\000M\000e\000m\000o\000r\000y\000\040\000M\000o\000d\000e\000l}{chapter.14}% 73
\BOOKMARK [1][-]{section.14.2}{\376\377\000C\000S\000R\000\040\000D\000e\000p\000e\000n\000d\000e\000n\000c\000y\000\040\000T\000r\000a\000c\000k\000i\000n\000g\000\040\000G\000r\000a\000n\000u\000l\000a\000r\000i\000t\000y}{chapter.14}% 74
\BOOKMARK [1][-]{section.14.3}{\376\377\000S\000o\000u\000r\000c\000e\000\040\000a\000n\000d\000\040\000D\000e\000s\000t\000i\000n\000a\000t\000i\000o\000n\000\040\000R\000e\000g\000i\000s\000t\000e\000r\000\040\000L\000i\000s\000t\000i\000n\000g\000s}{chapter.14}% 75
\BOOKMARK [0][-]{chapter.15}{\376\377\000`\000`\000L\000'\000'\000\040\000S\000t\000a\000n\000d\000a\000r\000d\000\040\000E\000x\000t\000e\000n\000s\000i\000o\000n\000\040\000f\000o\000r\000\040\000D\000e\000c\000i\000m\000a\000l\000\040\000F\000l\000o\000a\000t\000i\000n\000g\000-\000P\000o\000i\000n\000t\000,\000\040\000V\000e\000r\000s\000i\000o\000n\000\040\0000\000.\0000}{}% 76
\BOOKMARK [1][-]{section.15.1}{\376\377\000D\000e\000c\000i\000m\000a\000l\000\040\000F\000l\000o\000a\000t\000i\000n\000g\000-\000P\000o\000i\000n\000t\000\040\000R\000e\000g\000i\000s\000t\000e\000r\000s}{chapter.15}% 77
\BOOKMARK [0][-]{chapter.16}{\376\377\000`\000`\000C\000'\000'\000\040\000S\000t\000a\000n\000d\000a\000r\000d\000\040\000E\000x\000t\000e\000n\000s\000i\000o\000n\000\040\000f\000o\000r\000\040\000C\000o\000m\000p\000r\000e\000s\000s\000e\000d\000\040\000I\000n\000s\000t\000r\000u\000c\000t\000i\000o\000n\000s\000,\000\040\000V\000e\000r\000s\000i\000o\000n\000\040\0002\000.\0000}{}% 78
\BOOKMARK [1][-]{section.16.1}{\376\377\000O\000v\000e\000r\000v\000i\000e\000w}{chapter.16}% 79
\BOOKMARK [1][-]{section.16.2}{\376\377\000C\000o\000m\000p\000r\000e\000s\000s\000e\000d\000\040\000I\000n\000s\000t\000r\000u\000c\000t\000i\000o\000n\000\040\000F\000o\000r\000m\000a\000t\000s}{chapter.16}% 80
\BOOKMARK [1][-]{section.16.3}{\376\377\000L\000o\000a\000d\000\040\000a\000n\000d\000\040\000S\000t\000o\000r\000e\000\040\000I\000n\000s\000t\000r\000u\000c\000t\000i\000o\000n\000s}{chapter.16}% 81
\BOOKMARK [1][-]{section.16.4}{\376\377\000C\000o\000n\000t\000r\000o\000l\000\040\000T\000r\000a\000n\000s\000f\000e\000r\000\040\000I\000n\000s\000t\000r\000u\000c\000t\000i\000o\000n\000s}{chapter.16}% 82
\BOOKMARK [1][-]{section.16.5}{\376\377\000I\000n\000t\000e\000g\000e\000r\000\040\000C\000o\000m\000p\000u\000t\000a\000t\000i\000o\000n\000a\000l\000\040\000I\000n\000s\000t\000r\000u\000c\000t\000i\000o\000n\000s}{chapter.16}% 83
\BOOKMARK [1][-]{section.16.6}{\376\377\000U\000s\000a\000g\000e\000\040\000o\000f\000\040\000C\000\040\000I\000n\000s\000t\000r\000u\000c\000t\000i\000o\000n\000s\000\040\000i\000n\000\040\000L\000R\000/\000S\000C\000\040\000S\000e\000q\000u\000e\000n\000c\000e\000s}{chapter.16}% 84
\BOOKMARK [1][-]{section.16.7}{\376\377\000H\000I\000N\000T\000\040\000I\000n\000s\000t\000r\000u\000c\000t\000i\000o\000n\000s}{chapter.16}% 85
\BOOKMARK [1][-]{section.16.8}{\376\377\000R\000V\000C\000\040\000I\000n\000s\000t\000r\000u\000c\000t\000i\000o\000n\000\040\000S\000e\000t\000\040\000L\000i\000s\000t\000i\000n\000g\000s}{chapter.16}% 86
\BOOKMARK [0][-]{chapter.17}{\376\377\000`\000`\000B\000'\000'\000\040\000S\000t\000a\000n\000d\000a\000r\000d\000\040\000E\000x\000t\000e\000n\000s\000i\000o\000n\000\040\000f\000o\000r\000\040\000B\000i\000t\000\040\000M\000a\000n\000i\000p\000u\000l\000a\000t\000i\000o\000n\000,\000\040\000V\000e\000r\000s\000i\000o\000n\000\040\0000\000.\0000}{}% 87
\BOOKMARK [0][-]{chapter.18}{\376\377\000`\000`\000J\000'\000'\000\040\000S\000t\000a\000n\000d\000a\000r\000d\000\040\000E\000x\000t\000e\000n\000s\000i\000o\000n\000\040\000f\000o\000r\000\040\000D\000y\000n\000a\000m\000i\000c\000a\000l\000l\000y\000\040\000T\000r\000a\000n\000s\000l\000a\000t\000e\000d\000\040\000L\000a\000n\000g\000u\000a\000g\000e\000s\000,\000\040\000V\000e\000r\000s\000i\000o\000n\000\040\0000\000.\0000}{}% 88
\BOOKMARK [0][-]{chapter.19}{\376\377\000`\000`\000T\000'\000'\000\040\000S\000t\000a\000n\000d\000a\000r\000d\000\040\000E\000x\000t\000e\000n\000s\000i\000o\000n\000\040\000f\000o\000r\000\040\000T\000r\000a\000n\000s\000a\000c\000t\000i\000o\000n\000a\000l\000\040\000M\000e\000m\000o\000r\000y\000,\000\040\000V\000e\000r\000s\000i\000o\000n\000\040\0000\000.\0000}{}% 89
\BOOKMARK [0][-]{chapter.20}{\376\377\000`\000`\000P\000'\000'\000\040\000S\000t\000a\000n\000d\000a\000r\000d\000\040\000E\000x\000t\000e\000n\000s\000i\000o\000n\000\040\000f\000o\000r\000\040\000P\000a\000c\000k\000e\000d\000-\000S\000I\000M\000D\000\040\000I\000n\000s\000t\000r\000u\000c\000t\000i\000o\000n\000s\000,\000\040\000V\000e\000r\000s\000i\000o\000n\000\040\0000\000.\0002}{}% 90
\BOOKMARK [0][-]{chapter.21}{\376\377\000`\000`\000V\000'\000'\000\040\000S\000t\000a\000n\000d\000a\000r\000d\000\040\000E\000x\000t\000e\000n\000s\000i\000o\000n\000\040\000f\000o\000r\000\040\000V\000e\000c\000t\000o\000r\000\040\000O\000p\000e\000r\000a\000t\000i\000o\000n\000s\000,\000\040\000V\000e\000r\000s\000i\000o\000n\000\040\0000\000.\0007}{}% 91
\BOOKMARK [0][-]{chapter.22}{\376\377\000`\000`\000Z\000a\000m\000'\000'\000\040\000S\000t\000a\000n\000d\000a\000r\000d\000\040\000E\000x\000t\000e\000n\000s\000i\000o\000n\000\040\000f\000o\000r\000\040\000M\000i\000s\000a\000l\000i\000g\000n\000e\000d\000\040\000A\000t\000o\000m\000i\000c\000s\000,\000\040\000v\0000\000.\0001}{}% 92
\BOOKMARK [0][-]{chapter.23}{\376\377\000`\000`\000Z\000t\000s\000o\000'\000'\000\040\000S\000t\000a\000n\000d\000a\000r\000d\000\040\000E\000x\000t\000e\000n\000s\000i\000o\000n\000\040\000f\000o\000r\000\040\000T\000o\000t\000a\000l\000\040\000S\000t\000o\000r\000e\000\040\000O\000r\000d\000e\000r\000i\000n\000g\000,\000\040\000v\0000\000.\0001}{}% 93
\BOOKMARK [0][-]{chapter.24}{\376\377\000R\000V\0003\0002\000/\0006\0004\000G\000\040\000I\000n\000s\000t\000r\000u\000c\000t\000i\000o\000n\000\040\000S\000e\000t\000\040\000L\000i\000s\000t\000i\000n\000g\000s}{}% 94
\BOOKMARK [0][-]{chapter.25}{\376\377\000R\000I\000S\000C\000-\000V\000\040\000A\000s\000s\000e\000m\000b\000l\000y\000\040\000P\000r\000o\000g\000r\000a\000m\000m\000e\000r\000'\000s\000\040\000H\000a\000n\000d\000b\000o\000o\000k}{}% 95
\BOOKMARK [0][-]{chapter.26}{\376\377\000E\000x\000t\000e\000n\000d\000i\000n\000g\000\040\000R\000I\000S\000C\000-\000V}{}% 96
\BOOKMARK [1][-]{section.26.1}{\376\377\000E\000x\000t\000e\000n\000s\000i\000o\000n\000\040\000T\000e\000r\000m\000i\000n\000o\000l\000o\000g\000y}{chapter.26}% 97
\BOOKMARK [1][-]{section.26.2}{\376\377\000R\000I\000S\000C\000-\000V\000\040\000E\000x\000t\000e\000n\000s\000i\000o\000n\000\040\000D\000e\000s\000i\000g\000n\000\040\000P\000h\000i\000l\000o\000s\000o\000p\000h\000y}{chapter.26}% 98
\BOOKMARK [1][-]{section.26.3}{\376\377\000E\000x\000t\000e\000n\000s\000i\000o\000n\000s\000\040\000w\000i\000t\000h\000i\000n\000\040\000f\000i\000x\000e\000d\000-\000w\000i\000d\000t\000h\000\040\0003\0002\000-\000b\000i\000t\000\040\000i\000n\000s\000t\000r\000u\000c\000t\000i\000o\000n\000\040\000f\000o\000r\000m\000a\000t}{chapter.26}% 99
\BOOKMARK [1][-]{section.26.4}{\376\377\000A\000d\000d\000i\000n\000g\000\040\000a\000l\000i\000g\000n\000e\000d\000\040\0006\0004\000-\000b\000i\000t\000\040\000i\000n\000s\000t\000r\000u\000c\000t\000i\000o\000n\000\040\000e\000x\000t\000e\000n\000s\000i\000o\000n\000s}{chapter.26}% 100
\BOOKMARK [1][-]{section.26.5}{\376\377\000S\000u\000p\000p\000o\000r\000t\000i\000n\000g\000\040\000V\000L\000I\000W\000\040\000e\000n\000c\000o\000d\000i\000n\000g\000s}{chapter.26}% 101
\BOOKMARK [0][-]{chapter.27}{\376\377\000I\000S\000A\000\040\000E\000x\000t\000e\000n\000s\000i\000o\000n\000\040\000N\000a\000m\000i\000n\000g\000\040\000C\000o\000n\000v\000e\000n\000t\000i\000o\000n\000s}{}% 102
\BOOKMARK [1][-]{section.27.1}{\376\377\000C\000a\000s\000e\000\040\000S\000e\000n\000s\000i\000t\000i\000v\000i\000t\000y}{chapter.27}% 103
\BOOKMARK [1][-]{section.27.2}{\376\377\000B\000a\000s\000e\000\040\000I\000n\000t\000e\000g\000e\000r\000\040\000I\000S\000A}{chapter.27}% 104
\BOOKMARK [1][-]{section.27.3}{\376\377\000I\000n\000s\000t\000r\000u\000c\000t\000i\000o\000n\000-\000S\000e\000t\000\040\000E\000x\000t\000e\000n\000s\000i\000o\000n\000\040\000N\000a\000m\000e\000s}{chapter.27}% 105
\BOOKMARK [1][-]{section.27.4}{\376\377\000V\000e\000r\000s\000i\000o\000n\000\040\000N\000u\000m\000b\000e\000r\000s}{chapter.27}% 106
\BOOKMARK [1][-]{section.27.5}{\376\377\000U\000n\000d\000e\000r\000s\000c\000o\000r\000e\000s}{chapter.27}% 107
\BOOKMARK [1][-]{section.27.6}{\376\377\000A\000d\000d\000i\000t\000i\000o\000n\000a\000l\000\040\000S\000t\000a\000n\000d\000a\000r\000d\000\040\000E\000x\000t\000e\000n\000s\000i\000o\000n\000\040\000N\000a\000m\000e\000s}{chapter.27}% 108
\BOOKMARK [1][-]{section.27.7}{\376\377\000S\000u\000p\000e\000r\000v\000i\000s\000o\000r\000-\000l\000e\000v\000e\000l\000\040\000I\000n\000s\000t\000r\000u\000c\000t\000i\000o\000n\000-\000S\000e\000t\000\040\000E\000x\000t\000e\000n\000s\000i\000o\000n\000s}{chapter.27}% 109
\BOOKMARK [1][-]{section.27.8}{\376\377\000H\000y\000p\000e\000r\000v\000i\000s\000o\000r\000-\000l\000e\000v\000e\000l\000\040\000I\000n\000s\000t\000r\000u\000c\000t\000i\000o\000n\000-\000S\000e\000t\000\040\000E\000x\000t\000e\000n\000s\000i\000o\000n\000s}{chapter.27}% 110
\BOOKMARK [1][-]{section.27.9}{\376\377\000M\000a\000c\000h\000i\000n\000e\000-\000l\000e\000v\000e\000l\000\040\000I\000n\000s\000t\000r\000u\000c\000t\000i\000o\000n\000-\000S\000e\000t\000\040\000E\000x\000t\000e\000n\000s\000i\000o\000n\000s}{chapter.27}% 111
\BOOKMARK [1][-]{section.27.10}{\376\377\000N\000o\000n\000-\000S\000t\000a\000n\000d\000a\000r\000d\000\040\000E\000x\000t\000e\000n\000s\000i\000o\000n\000\040\000N\000a\000m\000e\000s}{chapter.27}% 112
\BOOKMARK [1][-]{section.27.11}{\376\377\000S\000u\000b\000s\000e\000t\000\040\000N\000a\000m\000i\000n\000g\000\040\000C\000o\000n\000v\000e\000n\000t\000i\000o\000n}{chapter.27}% 113
\BOOKMARK [0][-]{chapter.28}{\376\377\000H\000i\000s\000t\000o\000r\000y\000\040\000a\000n\000d\000\040\000A\000c\000k\000n\000o\000w\000l\000e\000d\000g\000m\000e\000n\000t\000s}{}% 114
\BOOKMARK [1][-]{section.28.1}{\376\377\000`\000`\000W\000h\000y\000\040\000D\000e\000v\000e\000l\000o\000p\000\040\000a\000\040\000n\000e\000w\000\040\000I\000S\000A\000?\000'\000'\000\040\000R\000a\000t\000i\000o\000n\000a\000l\000e\000\040\000f\000r\000o\000m\000\040\000B\000e\000r\000k\000e\000l\000e\000y\000\040\000G\000r\000o\000u\000p}{chapter.28}% 115
\BOOKMARK [1][-]{section.28.2}{\376\377\000H\000i\000s\000t\000o\000r\000y\000\040\000f\000r\000o\000m\000\040\000R\000e\000v\000i\000s\000i\000o\000n\000\040\0001\000.\0000\000\040\000o\000f\000\040\000I\000S\000A\000\040\000m\000a\000n\000u\000a\000l}{chapter.28}% 116
\BOOKMARK [1][-]{section.28.3}{\376\377\000H\000i\000s\000t\000o\000r\000y\000\040\000f\000r\000o\000m\000\040\000R\000e\000v\000i\000s\000i\000o\000n\000\040\0002\000.\0000\000\040\000o\000f\000\040\000I\000S\000A\000\040\000m\000a\000n\000u\000a\000l}{chapter.28}% 117
\BOOKMARK [1][-]{section.28.4}{\376\377\000H\000i\000s\000t\000o\000r\000y\000\040\000f\000r\000o\000m\000\040\000R\000e\000v\000i\000s\000i\000o\000n\000\040\0002\000.\0001}{chapter.28}% 118
\BOOKMARK [1][-]{section.28.5}{\376\377\000H\000i\000s\000t\000o\000r\000y\000\040\000f\000r\000o\000m\000\040\000R\000e\000v\000i\000s\000i\000o\000n\000\040\0002\000.\0002}{chapter.28}% 119
\BOOKMARK [1][-]{section.28.6}{\376\377\000H\000i\000s\000t\000o\000r\000y\000\040\000f\000o\000r\000\040\000R\000e\000v\000i\000s\000i\000o\000n\000\040\0002\000.\0003}{chapter.28}% 120
\BOOKMARK [1][-]{section.28.7}{\376\377\000F\000u\000n\000d\000i\000n\000g}{chapter.28}% 121
\BOOKMARK [0][-]{appendix.A}{\376\377\000R\000V\000W\000M\000O\000\040\000E\000x\000p\000l\000a\000n\000a\000t\000o\000r\000y\000\040\000M\000a\000t\000e\000r\000i\000a\000l\000,\000\040\000V\000e\000r\000s\000i\000o\000n\000\040\0000\000.\0001}{}% 122
\BOOKMARK [1][-]{section.A.1}{\376\377\000W\000h\000y\000\040\000R\000V\000W\000M\000O\000?}{appendix.A}% 123
\BOOKMARK [1][-]{section.A.2}{\376\377\000L\000i\000t\000m\000u\000s\000\040\000T\000e\000s\000t\000s}{appendix.A}% 124
\BOOKMARK [1][-]{section.A.3}{\376\377\000E\000x\000p\000l\000a\000i\000n\000i\000n\000g\000\040\000t\000h\000e\000\040\000R\000V\000W\000M\000O\000\040\000R\000u\000l\000e\000s}{appendix.A}% 125
\BOOKMARK [2][-]{subsection.A.3.1}{\376\377\000P\000r\000e\000s\000e\000r\000v\000e\000d\000\040\000P\000r\000o\000g\000r\000a\000m\000\040\000O\000r\000d\000e\000r\000\040\000a\000n\000d\000\040\000G\000l\000o\000b\000a\000l\000\040\000M\000e\000m\000o\000r\000y\000\040\000O\000r\000d\000e\000r}{section.A.3}% 126
\BOOKMARK [2][-]{subsection.A.3.2}{\376\377\000L\000o\000a\000d\000\040\000V\000a\000l\000u\000e\000\040\000A\000x\000i\000o\000m}{section.A.3}% 127
\BOOKMARK [2][-]{subsection.A.3.3}{\376\377\000A\000t\000o\000m\000i\000c\000i\000t\000y\000\040\000A\000x\000i\000o\000m}{section.A.3}% 128
\BOOKMARK [2][-]{subsection.A.3.4}{\376\377\000P\000r\000o\000g\000r\000e\000s\000s\000\040\000A\000x\000i\000o\000m}{section.A.3}% 129
\BOOKMARK [2][-]{subsection.A.3.5}{\376\377\000O\000v\000e\000r\000l\000a\000p\000p\000i\000n\000g\000-\000A\000d\000d\000r\000e\000s\000s\000\040\000O\000r\000d\000e\000r\000i\000n\000g\000s\000\040\000\050\000R\000u\000l\000e\000s\000\040\0001\040\023\0003\000\051}{section.A.3}% 130
\BOOKMARK [2][-]{subsection.A.3.6}{\376\377\000F\000e\000n\000c\000e\000s\000\040\000\050\000R\000u\000l\000e\000\040\0004\000\051}{section.A.3}% 131
\BOOKMARK [2][-]{subsection.A.3.7}{\376\377\000E\000x\000p\000l\000i\000c\000i\000t\000\040\000S\000y\000n\000c\000h\000r\000o\000n\000i\000z\000a\000t\000i\000o\000n\000\040\000\050\000R\000u\000l\000e\000s\000\040\0005\040\023\0008\000\051}{section.A.3}% 132
\BOOKMARK [2][-]{subsection.A.3.8}{\376\377\000S\000y\000n\000t\000a\000c\000t\000i\000c\000\040\000D\000e\000p\000e\000n\000d\000e\000n\000c\000i\000e\000s\000\040\000\050\000R\000u\000l\000e\000s\000\040\0009\040\023\0001\0001\000\051}{section.A.3}% 133
\BOOKMARK [2][-]{subsection.A.3.9}{\376\377\000P\000i\000p\000e\000l\000i\000n\000e\000\040\000D\000e\000p\000e\000n\000d\000e\000n\000c\000i\000e\000s\000\040\000\050\000R\000u\000l\000e\000s\000\040\0001\0002\040\023\0001\0003\000\051}{section.A.3}% 134
\BOOKMARK [1][-]{section.A.4}{\376\377\000B\000e\000y\000o\000n\000d\000\040\000M\000a\000i\000n\000\040\000M\000e\000m\000o\000r\000y}{appendix.A}% 135
\BOOKMARK [2][-]{subsection.A.4.1}{\376\377\000C\000o\000h\000e\000r\000e\000n\000c\000e\000\040\000a\000n\000d\000\040\000C\000a\000c\000h\000e\000a\000b\000i\000l\000i\000t\000y}{section.A.4}% 136
\BOOKMARK [2][-]{subsection.A.4.2}{\376\377\000I\000/\000O\000\040\000O\000r\000d\000e\000r\000i\000n\000g}{section.A.4}% 137
\BOOKMARK [1][-]{section.A.5}{\376\377\000C\000o\000d\000e\000\040\000P\000o\000r\000t\000i\000n\000g\000\040\000a\000n\000d\000\040\000M\000a\000p\000p\000i\000n\000g\000\040\000G\000u\000i\000d\000e\000l\000i\000n\000e\000s}{appendix.A}% 138
\BOOKMARK [1][-]{section.A.6}{\376\377\000I\000m\000p\000l\000e\000m\000e\000n\000t\000a\000t\000i\000o\000n\000\040\000G\000u\000i\000d\000e\000l\000i\000n\000e\000s}{appendix.A}% 139
\BOOKMARK [2][-]{subsection.A.6.1}{\376\377\000P\000o\000s\000s\000i\000b\000l\000e\000\040\000F\000u\000t\000u\000r\000e\000\040\000E\000x\000t\000e\000n\000s\000i\000o\000n\000s}{section.A.6}% 140
\BOOKMARK [1][-]{section.A.7}{\376\377\000K\000n\000o\000w\000n\000\040\000I\000s\000s\000u\000e\000s}{appendix.A}% 141
\BOOKMARK [2][-]{subsection.A.7.1}{\376\377\000M\000i\000x\000e\000d\000-\000s\000i\000z\000e\000\040\000R\000S\000W}{section.A.7}% 142
\BOOKMARK [0][-]{appendix.B}{\376\377\000F\000o\000r\000m\000a\000l\000\040\000M\000e\000m\000o\000r\000y\000\040\000M\000o\000d\000e\000l\000\040\000S\000p\000e\000c\000i\000f\000i\000c\000a\000t\000i\000o\000n\000s\000,\000\040\000V\000e\000r\000s\000i\000o\000n\000\040\0000\000.\0001}{}% 143
\BOOKMARK [1][-]{section.B.1}{\376\377\000F\000o\000r\000m\000a\000l\000\040\000A\000x\000i\000o\000m\000a\000t\000i\000c\000\040\000S\000p\000e\000c\000i\000f\000i\000c\000a\000t\000i\000o\000n\000\040\000i\000n\000\040\000A\000l\000l\000o\000y}{appendix.B}% 144
\BOOKMARK [1][-]{section.B.2}{\376\377\000F\000o\000r\000m\000a\000l\000\040\000A\000x\000i\000o\000m\000a\000t\000i\000c\000\040\000S\000p\000e\000c\000i\000f\000i\000c\000a\000t\000i\000o\000n\000\040\000i\000n\000\040\000H\000e\000r\000d}{appendix.B}% 145
\BOOKMARK [1][-]{section.B.3}{\376\377\000A\000n\000\040\000O\000p\000e\000r\000a\000t\000i\000o\000n\000a\000l\000\040\000M\000e\000m\000o\000r\000y\000\040\000M\000o\000d\000e\000l}{appendix.B}% 146
\BOOKMARK [2][-]{subsection.B.3.1}{\376\377\000I\000n\000t\000r\000a\000-\000i\000n\000s\000t\000r\000u\000c\000t\000i\000o\000n\000\040\000P\000s\000e\000u\000d\000o\000c\000o\000d\000e\000\040\000E\000x\000e\000c\000u\000t\000i\000o\000n}{section.B.3}% 147
\BOOKMARK [2][-]{subsection.B.3.2}{\376\377\000I\000n\000s\000t\000r\000u\000c\000t\000i\000o\000n\000\040\000I\000n\000s\000t\000a\000n\000c\000e\000\040\000S\000t\000a\000t\000e}{section.B.3}% 148
\BOOKMARK [2][-]{subsection.B.3.3}{\376\377\000H\000a\000r\000t\000\040\000S\000t\000a\000t\000e}{section.B.3}% 149
\BOOKMARK [2][-]{subsection.B.3.4}{\376\377\000S\000h\000a\000r\000e\000d\000\040\000M\000e\000m\000o\000r\000y\000\040\000S\000t\000a\000t\000e}{section.B.3}% 150
\BOOKMARK [2][-]{subsection.B.3.5}{\376\377\000T\000r\000a\000n\000s\000i\000t\000i\000o\000n\000s}{section.B.3}% 151
\BOOKMARK [2][-]{subsection.B.3.6}{\376\377\000L\000i\000m\000i\000t\000a\000t\000i\000o\000n\000s}{section.B.3}% 152
